#
# There is insufficient memory for the Java Runtime Environment to continue.
# Native memory allocation (malloc) failed to allocate 56545280 bytes for committing reserved memory.
# Possible reasons:
#   The system is out of physical RAM or swap space
#   In 32 bit mode, the process size limit was hit
# Possible solutions:
#   Reduce memory load on the system
#   Increase physical memory or swap space
#   Check if swap backing store is full
#   Use 64 bit Java on a 64 bit OS
#   Decrease Java heap size (-Xmx/-Xms)
#   Decrease number of Java threads
#   Decrease Java thread stack sizes (-Xss)
#   Set larger code cache with -XX:ReservedCodeCacheSize=
# This output file may be truncated or incomplete.
#
#  Out of Memory Error (os_linux.cpp:2756), pid=1198, tid=139651486357248
#
# JRE version: Java(TM) SE Runtime Environment (7.0_79-b15) (build 1.7.0_79-b15)
# Java VM: Java HotSpot(TM) 64-Bit Server VM (24.79-b02 mixed mode linux-amd64 compressed oops)
# Failed to write core dump. Core dumps have been disabled. To enable core dumping, try "ulimit -c unlimited" before starting Java again
#

---------------  T H R E A D  ---------------

Current thread (0x00007f0320066000):  VMThread [stack: 0x00007f03252c9000,0x00007f03253ca000] [id=1202]

Stack: [0x00007f03252c9000,0x00007f03253ca000],  sp=0x00007f03253c8170,  free space=1020k
Native frames: (J=compiled Java code, j=interpreted, Vv=VM code, C=native code)
V  [libjvm.so+0x9a32da]  VMError::report_and_die()+0x2ea
V  [libjvm.so+0x497f7b]  report_vm_out_of_memory(char const*, int, unsigned long, char const*)+0x9b
V  [libjvm.so+0x81fcce]  os::Linux::commit_memory_impl(char*, unsigned long, bool)+0xfe
V  [libjvm.so+0x820219]  os::pd_commit_memory(char*, unsigned long, unsigned long, bool)+0x29
V  [libjvm.so+0x819faa]  os::commit_memory(char*, unsigned long, unsigned long, bool)+0x2a
V  [libjvm.so+0x99eae9]  VirtualSpace::expand_by(unsigned long, bool)+0x1c9
V  [libjvm.so+0x578a65]  OneContigSpaceCardGeneration::grow_by(unsigned long)+0x25
V  [libjvm.so+0x578ede]  OneContigSpaceCardGeneration::expand(unsigned long, unsigned long)+0x3e
V  [libjvm.so+0x56bab4]  GenCollectedHeap::do_collection(bool, bool, unsigned long, bool, int)+0x754
V  [libjvm.so+0x42a684]  GenCollectorPolicy::satisfy_failed_allocation(unsigned long, bool)+0x104
V  [libjvm.so+0x9a4354]  VM_GenCollectForAllocation::doit()+0x94
V  [libjvm.so+0x9ac005]  VM_Operation::evaluate()+0x55
V  [libjvm.so+0x9aa3ca]  VMThread::evaluate_operation(VM_Operation*)+0xba
V  [libjvm.so+0x9aa74e]  VMThread::loop()+0x1ce
V  [libjvm.so+0x9aabc0]  VMThread::run()+0x70
V  [libjvm.so+0x821ca8]  java_start(Thread*)+0x108

VM_Operation (0x00007f0326a66090): GenCollectForAllocation, mode: safepoint, requested by thread 0x00007f0320010000


---------------  P R O C E S S  ---------------

Java Threads: ( => current thread )
  0x00007f0320914000 JavaThread "Java2D Disposer" daemon [_thread_blocked, id=1244, stack(0x00007f031c4c3000,0x00007f031c6c4000)]
  0x00007f03206f4000 JavaThread "pool-1-thread-1" [_thread_blocked, id=1210, stack(0x00007f031c8cc000,0x00007f031cacd000)]
  0x00007f0320094000 JavaThread "Service Thread" daemon [_thread_blocked, id=1208, stack(0x00007f032473a000,0x00007f032493b000)]
  0x00007f0320091800 JavaThread "C2 CompilerThread1" daemon [_thread_blocked, id=1207, stack(0x00007f032493b000,0x00007f0324a3c000)]
  0x00007f032008f800 JavaThread "C2 CompilerThread0" daemon [_thread_blocked, id=1206, stack(0x00007f0324a3c000,0x00007f0324b3d000)]
  0x00007f032008d000 JavaThread "Signal Dispatcher" daemon [_thread_blocked, id=1205, stack(0x00007f0324b3d000,0x00007f0324d3e000)]
  0x00007f032006c800 JavaThread "Finalizer" daemon [_thread_blocked, id=1204, stack(0x00007f0324ec7000,0x00007f03250c8000)]
  0x00007f032006a800 JavaThread "Reference Handler" daemon [_thread_blocked, id=1203, stack(0x00007f03250c8000,0x00007f03252c9000)]
  0x00007f0320010000 JavaThread "main" [_thread_blocked, id=1201, stack(0x00007f0326868000,0x00007f0326a69000)]

Other Threads:
=>0x00007f0320066000 VMThread [stack: 0x00007f03252c9000,0x00007f03253ca000] [id=1202]
  0x00007f032009f800 WatcherThread [stack: 0x00007f0324639000,0x00007f032473a000] [id=1209]

VM state:at safepoint (normal execution)

VM Mutex/Monitor currently owned by a thread:  ([mutex/lock_event])
[0x00007f032000c6a0] Threads_lock - owner thread: 0x00007f0320066000
[0x00007f032000cba0] Heap_lock - owner thread: 0x00007f0320010000

Heap
 def new generation   total 132096K, used 0K [0x00000000dae00000, 0x00000000e3d50000, 0x00000000e58a0000)
  eden space 117440K,   0% used [0x00000000dae00000, 0x00000000dae00000, 0x00000000e20b0000)
  from space 14656K,   0% used [0x00000000e20b0000, 0x00000000e20b0000, 0x00000000e2f00000)
  to   space 14656K,   0% used [0x00000000e2f00000, 0x00000000e2f00000, 0x00000000e3d50000)
 tenured generation   total 294348K, used 231950K [0x00000000e58a0000, 0x00000000f7813000, 0x00000000fae00000)
   the space 294348K,  78% used [0x00000000e58a0000, 0x00000000f3b23930, 0x00000000f3b23a00, 0x00000000f7813000)
 compacting perm gen  total 24768K, used 24717K [0x00000000fae00000, 0x00000000fc630000, 0x0000000100000000)
   the space 24768K,  99% used [0x00000000fae00000, 0x00000000fc6235c0, 0x00000000fc623600, 0x00000000fc630000)
No shared spaces configured.

Card table byte_map: [0x00007f03256a6000,0x00007f03257d0000] byte_map_base: 0x00007f0324fcf000

Polling page: 0x00007f03287f5000

Code Cache  [0x00007f031d000000, 0x00007f031d8c0000, 0x00007f0320000000)
 total_blobs=2885 nmethods=2450 adapters=384 free_code_cache=40342Kb largest_free_block=41180992

Compilation events (10 events):
Event: 101.020 Thread 0x00007f032008f800 2768             java.lang.Integer::toString (48 bytes)
Event: 101.035 Thread 0x00007f032008f800 nmethod 2768 0x00007f031d8885d0 code [0x00007f031d888740, 0x00007f031d888a48]
Event: 101.044 Thread 0x00007f0320091800 2769             java.util.Calendar::isSet (15 bytes)
Event: 101.045 Thread 0x00007f0320091800 nmethod 2769 0x00007f031d879890 code [0x00007f031d8799e0, 0x00007f031d879a78]
Event: 101.052 Thread 0x00007f0320091800 2770             java.util.Properties::getProperty (46 bytes)
Event: 101.053 Thread 0x00007f0320091800 nmethod 2770 0x00007f031d879590 code [0x00007f031d8796e0, 0x00007f031d8797a8]
Event: 101.057 Thread 0x00007f0320091800 2771             java.lang.System::checkKey (34 bytes)
Event: 101.058 Thread 0x00007f0320091800 nmethod 2771 0x00007f031d879250 code [0x00007f031d8793a0, 0x00007f031d8794d8]
Event: 101.058 Thread 0x00007f0320091800 2772             java.lang.System::getProperty (25 bytes)
Event: 101.061 Thread 0x00007f0320091800 nmethod 2772 0x00007f031d878cd0 code [0x00007f031d878e40, 0x00007f031d879068]

GC Heap History (10 events):
Event: 96.094 GC heap after
Heap after GC invocations=53 (full 4):
 def new generation   total 132096K, used 8100K [0x00000000dae00000, 0x00000000e3d50000, 0x00000000e58a0000)
  eden space 117440K,   0% used [0x00000000dae00000, 0x00000000dae00000, 0x00000000e20b0000)
  from space 14656K,  55% used [0x00000000e2f00000, 0x00000000e36e9108, 0x00000000e3d50000)
  to   space 14656K,   0% used [0x00000000e20b0000, 0x00000000e20b0000, 0x00000000e2f00000)
 tenured generation   total 293388K, used 285935K [0x00000000e58a0000, 0x00000000f7723000, 0x00000000fae00000)
   the space 293388K,  97% used [0x00000000e58a0000, 0x00000000f6fdbf60, 0x00000000f6fdc000, 0x00000000f7723000)
 compacting perm gen  total 24448K, used 24201K [0x00000000fae00000, 0x00000000fc5e0000, 0x0000000100000000)
   the space 24448K,  98% used [0x00000000fae00000, 0x00000000fc5a2498, 0x00000000fc5a2600, 0x00000000fc5e0000)
No shared spaces configured.
}
Event: 97.049 GC heap before
{Heap before GC invocations=53 (full 4):
 def new generation   total 132096K, used 125540K [0x00000000dae00000, 0x00000000e3d50000, 0x00000000e58a0000)
  eden space 117440K, 100% used [0x00000000dae00000, 0x00000000e20b0000, 0x00000000e20b0000)
  from space 14656K,  55% used [0x00000000e2f00000, 0x00000000e36e9108, 0x00000000e3d50000)
  to   space 14656K,   0% used [0x00000000e20b0000, 0x00000000e20b0000, 0x00000000e2f00000)
 tenured generation   total 293388K, used 285935K [0x00000000e58a0000, 0x00000000f7723000, 0x00000000fae00000)
   the space 293388K,  97% used [0x00000000e58a0000, 0x00000000f6fdbf60, 0x00000000f6fdc000, 0x00000000f7723000)
 compacting perm gen  total 24768K, used 24571K [0x00000000fae00000, 0x00000000fc630000, 0x0000000100000000)
   the space 24768K,  99% used [0x00000000fae00000, 0x00000000fc5fef18, 0x00000000fc5ff000, 0x00000000fc630000)
No shared spaces configured.
Event: 97.077 GC heap after
Heap after GC invocations=54 (full 4):
 def new generation   total 132096K, used 6619K [0x00000000dae00000, 0x00000000e3d50000, 0x00000000e58a0000)
  eden space 117440K,   0% used [0x00000000dae00000, 0x00000000dae00000, 0x00000000e20b0000)
  from space 14656K,  45% used [0x00000000e20b0000, 0x00000000e2726d90, 0x00000000e2f00000)
  to   space 14656K,   0% used [0x00000000e2f00000, 0x00000000e2f00000, 0x00000000e3d50000)
 tenured generation   total 293388K, used 288303K [0x00000000e58a0000, 0x00000000f7723000, 0x00000000fae00000)
   the space 293388K,  98% used [0x00000000e58a0000, 0x00000000f722bf48, 0x00000000f722c000, 0x00000000f7723000)
 compacting perm gen  total 24768K, used 24571K [0x00000000fae00000, 0x00000000fc630000, 0x0000000100000000)
   the space 24768K,  99% used [0x00000000fae00000, 0x00000000fc5fef18, 0x00000000fc5ff000, 0x00000000fc630000)
No shared spaces configured.
}
Event: 97.913 GC heap before
{Heap before GC invocations=54 (full 4):
 def new generation   total 132096K, used 124059K [0x00000000dae00000, 0x00000000e3d50000, 0x00000000e58a0000)
  eden space 117440K, 100% used [0x00000000dae00000, 0x00000000e20b0000, 0x00000000e20b0000)
  from space 14656K,  45% used [0x00000000e20b0000, 0x00000000e2726d90, 0x00000000e2f00000)
  to   space 14656K,   0% used [0x00000000e2f00000, 0x00000000e2f00000, 0x00000000e3d50000)
 tenured generation   total 293388K, used 288303K [0x00000000e58a0000, 0x00000000f7723000, 0x00000000fae00000)
   the space 293388K,  98% used [0x00000000e58a0000, 0x00000000f722bf48, 0x00000000f722c000, 0x00000000f7723000)
 compacting perm gen  total 24768K, used 24597K [0x00000000fae00000, 0x00000000fc630000, 0x0000000100000000)
   the space 24768K,  99% used [0x00000000fae00000, 0x00000000fc605770, 0x00000000fc605800, 0x00000000fc630000)
No shared spaces configured.
Event: 97.940 GC heap after
Heap after GC invocations=55 (full 4):
 def new generation   total 132096K, used 9046K [0x00000000dae00000, 0x00000000e3d50000, 0x00000000e58a0000)
  eden space 117440K,   0% used [0x00000000dae00000, 0x00000000dae00000, 0x00000000e20b0000)
  from space 14656K,  61% used [0x00000000e2f00000, 0x00000000e37d5a38, 0x00000000e3d50000)
  to   space 14656K,   0% used [0x00000000e20b0000, 0x00000000e20b0000, 0x00000000e2f00000)
 tenured generation   total 293388K, used 288303K [0x00000000e58a0000, 0x00000000f7723000, 0x00000000fae00000)
   the space 293388K,  98% used [0x00000000e58a0000, 0x00000000f722bf48, 0x00000000f722c000, 0x00000000f7723000)
 compacting perm gen  total 24768K, used 24597K [0x00000000fae00000, 0x00000000fc630000, 0x0000000100000000)
   the space 24768K,  99% used [0x00000000fae00000, 0x00000000fc605770, 0x00000000fc605800, 0x00000000fc630000)
No shared spaces configured.
}
Event: 98.592 GC heap before
{Heap before GC invocations=55 (full 4):
 def new generation   total 132096K, used 126486K [0x00000000dae00000, 0x00000000e3d50000, 0x00000000e58a0000)
  eden space 117440K, 100% used [0x00000000dae00000, 0x00000000e20b0000, 0x00000000e20b0000)
  from space 14656K,  61% used [0x00000000e2f00000, 0x00000000e37d5a38, 0x00000000e3d50000)
  to   space 14656K,   0% used [0x00000000e20b0000, 0x00000000e20b0000, 0x00000000e2f00000)
 tenured generation   total 293388K, used 288303K [0x00000000e58a0000, 0x00000000f7723000, 0x00000000fae00000)
   the space 293388K,  98% used [0x00000000e58a0000, 0x00000000f722bf48, 0x00000000f722c000, 0x00000000f7723000)
 compacting perm gen  total 24768K, used 24614K [0x00000000fae00000, 0x00000000fc630000, 0x0000000100000000)
   the space 24768K,  99% used [0x00000000fae00000, 0x00000000fc609980, 0x00000000fc609a00, 0x00000000fc630000)
No shared spaces configured.
Event: 98.621 GC heap after
Heap after GC invocations=56 (full 4):
 def new generation   total 132096K, used 6962K [0x00000000dae00000, 0x00000000e3d50000, 0x00000000e58a0000)
  eden space 117440K,   0% used [0x00000000dae00000, 0x00000000dae00000, 0x00000000e20b0000)
  from space 14656K,  47% used [0x00000000e20b0000, 0x00000000e277c800, 0x00000000e2f00000)
  to   space 14656K,   0% used [0x00000000e2f00000, 0x00000000e2f00000, 0x00000000e3d50000)
 tenured generation   total 293388K, used 291057K [0x00000000e58a0000, 0x00000000f7723000, 0x00000000fae00000)
   the space 293388K,  99% used [0x00000000e58a0000, 0x00000000f74dc428, 0x00000000f74dc600, 0x00000000f7723000)
 compacting perm gen  total 24768K, used 24614K [0x00000000fae00000, 0x00000000fc630000, 0x0000000100000000)
   the space 24768K,  99% used [0x00000000fae00000, 0x00000000fc609980, 0x00000000fc609a00, 0x00000000fc630000)
No shared spaces configured.
}
Event: 100.453 GC heap before
{Heap before GC invocations=56 (full 4):
 def new generation   total 132096K, used 124402K [0x00000000dae00000, 0x00000000e3d50000, 0x00000000e58a0000)
  eden space 117440K, 100% used [0x00000000dae00000, 0x00000000e20b0000, 0x00000000e20b0000)
  from space 14656K,  47% used [0x00000000e20b0000, 0x00000000e277c800, 0x00000000e2f00000)
  to   space 14656K,   0% used [0x00000000e2f00000, 0x00000000e2f00000, 0x00000000e3d50000)
 tenured generation   total 293388K, used 291057K [0x00000000e58a0000, 0x00000000f7723000, 0x00000000fae00000)
   the space 293388K,  99% used [0x00000000e58a0000, 0x00000000f74dc428, 0x00000000f74dc600, 0x00000000f7723000)
 compacting perm gen  total 24768K, used 24708K [0x00000000fae00000, 0x00000000fc630000, 0x0000000100000000)
   the space 24768K,  99% used [0x00000000fae00000, 0x00000000fc621330, 0x00000000fc621400, 0x00000000fc630000)
No shared spaces configured.
Event: 100.523 GC heap after
Heap after GC invocations=57 (full 4):
 def new generation   total 132096K, used 9946K [0x00000000dae00000, 0x00000000e3d50000, 0x00000000e58a0000)
  eden space 117440K,   0% used [0x00000000dae00000, 0x00000000dae00000, 0x00000000e20b0000)
  from space 14656K,  67% used [0x00000000e2f00000, 0x00000000e38b6bb0, 0x00000000e3d50000)
  to   space 14656K,   0% used [0x00000000e20b0000, 0x00000000e20b0000, 0x00000000e2f00000)
 tenured generation   total 293388K, used 291057K [0x00000000e58a0000, 0x00000000f7723000, 0x00000000fae00000)
   the space 293388K,  99% used [0x00000000e58a0000, 0x00000000f74dc428, 0x00000000f74dc600, 0x00000000f7723000)
 compacting perm gen  total 24768K, used 24708K [0x00000000fae00000, 0x00000000fc630000, 0x0000000100000000)
   the space 24768K,  99% used [0x00000000fae00000, 0x00000000fc621330, 0x00000000fc621400, 0x00000000fc630000)
No shared spaces configured.
}
Event: 101.069 GC heap before
{Heap before GC invocations=57 (full 4):
 def new generation   total 132096K, used 127386K [0x00000000dae00000, 0x00000000e3d50000, 0x00000000e58a0000)
  eden space 117440K, 100% used [0x00000000dae00000, 0x00000000e20b0000, 0x00000000e20b0000)
  from space 14656K,  67% used [0x00000000e2f00000, 0x00000000e38b6bb0, 0x00000000e3d50000)
  to   space 14656K,   0% used [0x00000000e20b0000, 0x00000000e20b0000, 0x00000000e2f00000)
 tenured generation   total 293388K, used 291057K [0x00000000e58a0000, 0x00000000f7723000, 0x00000000fae00000)
   the space 293388K,  99% used [0x00000000e58a0000, 0x00000000f74dc428, 0x00000000f74dc600, 0x00000000f7723000)
 compacting perm gen  total 24768K, used 24717K [0x00000000fae00000, 0x00000000fc630000, 0x0000000100000000)
   the space 24768K,  99% used [0x00000000fae00000, 0x00000000fc6235c0, 0x00000000fc623600, 0x00000000fc630000)
No shared spaces configured.

Deoptimization events (10 events):
Event: 98.520 Thread 0x00007f0320010000 Uncommon trap: reason=bimorphic action=maybe_recompile pc=0x00007f031d223f48 method=org.eclipse.jdt.internal.compiler.ClassFile.recordInnerClasses(Lorg/eclipse/jdt/internal/compiler/lookup/TypeBinding;)V @ 51
Event: 98.520 Thread 0x00007f0320010000 Uncommon trap: reason=bimorphic action=maybe_recompile pc=0x00007f031d3d1660 method=org.eclipse.jdt.internal.compiler.ClassFile.recordInnerClasses(Lorg/eclipse/jdt/internal/compiler/lookup/TypeBinding;)V @ 51
Event: 98.521 Thread 0x00007f0320010000 Uncommon trap: reason=bimorphic action=maybe_recompile pc=0x00007f031d61c4cc method=org.eclipse.jdt.internal.compiler.ClassFile.recordInnerClasses(Lorg/eclipse/jdt/internal/compiler/lookup/TypeBinding;)V @ 51
Event: 98.521 Thread 0x00007f0320010000 Uncommon trap: reason=bimorphic action=maybe_recompile pc=0x00007f031d61c4cc method=org.eclipse.jdt.internal.compiler.ClassFile.recordInnerClasses(Lorg/eclipse/jdt/internal/compiler/lookup/TypeBinding;)V @ 51
Event: 98.521 Thread 0x00007f0320010000 Uncommon trap: reason=bimorphic action=maybe_recompile pc=0x00007f031d223f48 method=org.eclipse.jdt.internal.compiler.ClassFile.recordInnerClasses(Lorg/eclipse/jdt/internal/compiler/lookup/TypeBinding;)V @ 51
Event: 98.522 Thread 0x00007f0320010000 Uncommon trap: reason=bimorphic action=maybe_recompile pc=0x00007f031d3eb668 method=org.eclipse.jdt.internal.compiler.ClassFile.recordInnerClasses(Lorg/eclipse/jdt/internal/compiler/lookup/TypeBinding;)V @ 51
Event: 98.522 Thread 0x00007f0320010000 Uncommon trap: reason=bimorphic action=maybe_recompile pc=0x00007f031d3d1660 method=org.eclipse.jdt.internal.compiler.ClassFile.recordInnerClasses(Lorg/eclipse/jdt/internal/compiler/lookup/TypeBinding;)V @ 51
Event: 99.709 Thread 0x00007f0320010000 Uncommon trap: reason=unreached action=reinterpret pc=0x00007f031d24de88 method=sun.java2d.loops.RenderCache$Entry.matches(Lsun/java2d/loops/SurfaceType;Lsun/java2d/loops/CompositeType;Lsun/java2d/loops/SurfaceType;)Z @ 13
Event: 99.737 Thread 0x00007f0320010000 Uncommon trap: reason=bimorphic action=maybe_recompile pc=0x00007f031d4df400 method=java.util.HashMap$KeySet.iterator()Ljava/util/Iterator; @ 4
Event: 99.757 Thread 0x00007f0320010000 Uncommon trap: reason=unreached action=reinterpret pc=0x00007f031d7db2c4 method=com.google.gwt.resources.rg.CssResourceGenerator.validateValue(Lcom/google/gwt/core/ext/TreeLogger;Lcom/google/gwt/core/ext/typeinfo/JClassType;Lcom/google/gwt/resources/css/a

Internal exceptions (10 events):
Event: 99.379 Thread 0x00007f0320010000 Threw 0x00000000df634f88 at /HUDSON/workspace/7u-2-build-linux-amd64/jdk7u79/2331/hotspot/src/share/vm/prims/jvm.cpp:1304
Event: 99.390 Thread 0x00007f0320010000 Threw 0x00000000df642978 at /HUDSON/workspace/7u-2-build-linux-amd64/jdk7u79/2331/hotspot/src/share/vm/prims/jvm.cpp:1304
Event: 99.395 Thread 0x00007f0320010000 Threw 0x00000000df64b240 at /HUDSON/workspace/7u-2-build-linux-amd64/jdk7u79/2331/hotspot/src/share/vm/prims/jvm.cpp:1304
Event: 99.396 Thread 0x00007f0320010000 Threw 0x00000000df64fd48 at /HUDSON/workspace/7u-2-build-linux-amd64/jdk7u79/2331/hotspot/src/share/vm/prims/jvm.cpp:1304
Event: 99.396 Thread 0x00007f0320010000 Threw 0x00000000df654db0 at /HUDSON/workspace/7u-2-build-linux-amd64/jdk7u79/2331/hotspot/src/share/vm/prims/jvm.cpp:1304
Event: 99.399 Thread 0x00007f0320010000 Threw 0x00000000df65b3d8 at /HUDSON/workspace/7u-2-build-linux-amd64/jdk7u79/2331/hotspot/src/share/vm/prims/jvm.cpp:1304
Event: 99.403 Thread 0x00007f0320010000 Threw 0x00000000df6805a8 at /HUDSON/workspace/7u-2-build-linux-amd64/jdk7u79/2331/hotspot/src/share/vm/prims/jvm.cpp:1304
Event: 99.409 Thread 0x00007f0320010000 Threw 0x00000000df697010 at /HUDSON/workspace/7u-2-build-linux-amd64/jdk7u79/2331/hotspot/src/share/vm/prims/jvm.cpp:1304
Event: 99.410 Thread 0x00007f0320010000 Threw 0x00000000df6a91e8 at /HUDSON/workspace/7u-2-build-linux-amd64/jdk7u79/2331/hotspot/src/share/vm/prims/jvm.cpp:1304
Event: 99.410 Thread 0x00007f0320010000 Threw 0x00000000df6bd760 at /HUDSON/workspace/7u-2-build-linux-amd64/jdk7u79/2331/hotspot/src/share/vm/prims/jvm.cpp:1304

Events (10 events):
Event: 100.808 Thread 0x00007f0321197800 Thread exited: 0x00007f0321197800
Event: 100.826 Thread 0x00007f0321197800 Thread added: 0x00007f0321197800
Event: 100.830 Thread 0x00007f0321197800 Thread exited: 0x00007f0321197800
Event: 100.846 Thread 0x00007f0321197800 Thread added: 0x00007f0321197800
Event: 100.851 Thread 0x00007f0321197800 Thread exited: 0x00007f0321197800
Event: 100.873 Thread 0x00007f0321197800 Thread added: 0x00007f0321197800
Event: 100.880 Thread 0x00007f0321197800 Thread exited: 0x00007f0321197800
Event: 100.949 Thread 0x00007f0321197800 Thread added: 0x00007f0321197800
Event: 100.954 Thread 0x00007f0321197800 Thread exited: 0x00007f0321197800
Event: 101.068 Executing VM operation: GenCollectForAllocation


Dynamic libraries:
00400000-00401000 r-xp 00000000 ca:01 288394                             /usr/Java/jdk1.7.0_79/jre/bin/java
00600000-00601000 rw-p 00000000 ca:01 288394                             /usr/Java/jdk1.7.0_79/jre/bin/java
0167b000-0169c000 rw-p 00000000 00:00 0                                  [heap]
dae00000-e3d50000 rw-p 00000000 00:00 0 
e3d50000-e58a0000 rw-p 00000000 00:00 0 
e58a0000-f7813000 rw-p 00000000 00:00 0 
fae00000-fc630000 rw-p 00000000 00:00 0 
fc630000-100000000 rw-p 00000000 00:00 0 
7f02ff595000-7f02ff598000 ---p 00000000 00:00 0 
7f02ff598000-7f02ff796000 rw-p 00000000 00:00 0 
7f02ff796000-7f02ff7d0000 r-xp 00000000 ca:01 276978                     /usr/Java/jdk1.7.0_79/jre/lib/amd64/libjpeg.so
7f02ff7d0000-7f02ff9d0000 ---p 0003a000 ca:01 276978                     /usr/Java/jdk1.7.0_79/jre/lib/amd64/libjpeg.so
7f02ff9d0000-7f02ff9d1000 rw-p 0003a000 ca:01 276978                     /usr/Java/jdk1.7.0_79/jre/lib/amd64/libjpeg.so
7f02ff9d1000-7f02ff9e7000 r-xp 00000000 ca:01 276989                     /usr/Java/jdk1.7.0_79/jre/lib/amd64/libnet.so
7f02ff9e7000-7f02ffbe7000 ---p 00016000 ca:01 276989                     /usr/Java/jdk1.7.0_79/jre/lib/amd64/libnet.so
7f02ffbe7000-7f02ffbe8000 rw-p 00016000 ca:01 276989                     /usr/Java/jdk1.7.0_79/jre/lib/amd64/libnet.so
7f02ffbe8000-7f02ffbf8000 r-xp 00000000 ca:01 276955                     /usr/Java/jdk1.7.0_79/jre/lib/amd64/libnio.so
7f02ffbf8000-7f02ffdf8000 ---p 00010000 ca:01 276955                     /usr/Java/jdk1.7.0_79/jre/lib/amd64/libnio.so
7f02ffdf8000-7f02ffdf9000 rw-p 00010000 ca:01 276955                     /usr/Java/jdk1.7.0_79/jre/lib/amd64/libnio.so
7f02ffdf9000-7f02ffdff000 r-xp 00000000 ca:01 276993                     /usr/Java/jdk1.7.0_79/jre/lib/amd64/headless/libmawt.so
7f02ffdff000-7f02fffff000 ---p 00006000 ca:01 276993                     /usr/Java/jdk1.7.0_79/jre/lib/amd64/headless/libmawt.so
7f02fffff000-7f0300000000 rw-p 00006000 ca:01 276993                     /usr/Java/jdk1.7.0_79/jre/lib/amd64/headless/libmawt.so
7f0300000000-7f0303d04000 rw-p 00000000 00:00 0 
7f0303d04000-7f0304000000 ---p 00000000 00:00 0 
7f0304000000-7f0304021000 rw-p 00000000 00:00 0 
7f0304021000-7f0308000000 ---p 00000000 00:00 0 
7f0308000000-7f0308021000 rw-p 00000000 00:00 0 
7f0308021000-7f030c000000 ---p 00000000 00:00 0 
7f030c000000-7f030fbae000 rw-p 00000000 00:00 0 
7f030fbae000-7f0310000000 ---p 00000000 00:00 0 
7f0310000000-7f0310021000 rw-p 00000000 00:00 0 
7f0310021000-7f0314000000 ---p 00000000 00:00 0 
7f0314000000-7f0314021000 rw-p 00000000 00:00 0 
7f0314021000-7f0318000000 ---p 00000000 00:00 0 
7f0318000000-7f03182bf000 rw-p 00000000 00:00 0 
7f03182bf000-7f031c000000 ---p 00000000 00:00 0 
7f031c1f0000-7f031c1f1000 rw-p 00000000 00:00 0 
7f031c1f1000-7f031c293000 r-xp 00000000 ca:01 276988                     /usr/Java/jdk1.7.0_79/jre/lib/amd64/libawt.so
7f031c293000-7f031c493000 ---p 000a2000 ca:01 276988                     /usr/Java/jdk1.7.0_79/jre/lib/amd64/libawt.so
7f031c493000-7f031c49f000 rw-p 000a2000 ca:01 276988                     /usr/Java/jdk1.7.0_79/jre/lib/amd64/libawt.so
7f031c49f000-7f031c4c3000 rw-p 00000000 00:00 0 
7f031c4c3000-7f031c4c6000 ---p 00000000 00:00 0 
7f031c4c6000-7f031c6c4000 rw-p 00000000 00:00 0 
7f031c6c4000-7f031c6cc000 r-xp 00000000 ca:01 276963                     /usr/Java/jdk1.7.0_79/jre/lib/amd64/libmanagement.so
7f031c6cc000-7f031c8cb000 ---p 00008000 ca:01 276963                     /usr/Java/jdk1.7.0_79/jre/lib/amd64/libmanagement.so
7f031c8cb000-7f031c8cc000 rw-p 00007000 ca:01 276963                     /usr/Java/jdk1.7.0_79/jre/lib/amd64/libmanagement.so
7f031c8cc000-7f031c8cf000 ---p 00000000 00:00 0 
7f031c8cf000-7f031cacd000 rw-p 00000000 00:00 0 
7f031cacd000-7f031cad1000 r--s 0008b000 ca:01 288307                     /usr/Java/jdk1.7.0_79/jre/lib/jsse.jar
7f031cad1000-7f031cad3000 r--s 00001000 ca:01 288314                     /usr/Java/jdk1.7.0_79/jre/lib/ext/dnsns.jar
7f031cad3000-7f031cad7000 r--s 00037000 ca:01 288316                     /usr/Java/jdk1.7.0_79/jre/lib/ext/sunpkcs11.jar
7f031cad7000-7f031cad8000 r--s 00003000 ca:01 288315                     /usr/Java/jdk1.7.0_79/jre/lib/ext/sunec.jar
7f031cad8000-7f031cad9000 r--s 00010000 ca:01 288313                     /usr/Java/jdk1.7.0_79/jre/lib/ext/zipfs.jar
7f031cad9000-7f031cadd000 r--s 0002d000 ca:01 288317                     /usr/Java/jdk1.7.0_79/jre/lib/ext/sunjce_provider.jar
7f031cadd000-7f031cae1000 r--s 000f7000 ca:01 288318                     /usr/Java/jdk1.7.0_79/jre/lib/ext/localedata.jar
7f031cae1000-7f031cb29000 rw-p 00000000 00:00 0 
7f031cb29000-7f031ccec000 r--s 01de6000 ca:01 299219                     /root/.m2/repository/com/google/gwt/gwt-dev/2.5.0/gwt-dev-2.5.0.jar
7f031ccec000-7f031ccf4000 r--s 00028000 ca:01 297919                     /root/.m2/repository/xml-apis/xml-apis/1.3.04/xml-apis-1.3.04.jar
7f031ccf4000-7f031cd0c000 r--s 00115000 ca:01 297916                     /root/.m2/repository/xerces/xercesImpl/2.9.1/xercesImpl-2.9.1.jar
7f031cd0c000-7f031ce10000 r--s 01a51000 ca:01 298250                     /root/.m2/repository/com/google/gwt/gwt-user/2.5.0/gwt-user-2.5.0.jar
7f031ce10000-7f031ce12000 r--s 00018000 ca:01 297567                     /root/.m2/repository/javax/servlet/servlet-api/2.5/servlet-api-2.5.jar
7f031ce12000-7f031ce13000 r--s 00002000 ca:01 297610                     /root/.m2/repository/org/slf4j/slf4j-log4j12/1.6.0/slf4j-log4j12-1.6.0.jar
7f031ce13000-7f031ce15000 r--s 00003000 ca:01 297928                     /root/.m2/repository/org/slf4j/jcl-over-slf4j/1.6.0/jcl-over-slf4j-1.6.0.jar
7f031ce15000-7f031ce17000 r--s 00005000 ca:01 297931                     /root/.m2/repository/org/slf4j/slf4j-api/1.6.0/slf4j-api-1.6.0.jar
7f031ce17000-7f031ce1e000 r--s 0004c000 ca:01 294390                     /root/mzy/zeus2-master/web/libs/highcharts-1.4.0.jar
7f031ce1e000-7f031ce20000 r--s 0000e000 ca:01 298248                     /root/.m2/repository/javax/validation/validation-api/1.0.0.GA/validation-api-1.0.0.GA-sources.jar
7f031ce20000-7f031ce7d000 r--s 0030e000 ca:01 298247                     /root/.m2/repository/com/sencha/gxt/gxt/3.0.1/gxt-3.0.1.jar
7f031ce7d000-7f031cef6000 r--s 00574000 ca:01 298244                     /root/.m2/repository/com/google/gwt/gwt-servlet/2.5.0/gwt-servlet-2.5.0.jar
7f031cef6000-7f031cef8000 r--s 0000a000 ca:01 297836                     /root/.m2/repository/org/json/json/20090211/json-20090211.jar
7f031cef8000-7f031cefb000 r--s 00009000 ca:01 298242                     /root/.m2/repository/javax/validation/validation-api/1.0.0.GA/validation-api-1.0.0.GA.jar
7f031cefb000-7f031cefd000 r--s 00000000 ca:01 297901                     /root/.m2/repository/aopalliance/aopalliance/1.0/aopalliance-1.0.jar
7f031cefd000-7f031cf0b000 r--s 00095000 ca:01 298237                     /root/.m2/repository/com/google/inject/guice/2.0/guice-2.0.jar
7f031cf0b000-7f031cf1a000 r--s 0007c000 ca:01 297879                     /root/.m2/repository/joda-time/joda-time/2.0/joda-time-2.0.jar
7f031cf1a000-7f031cf1c000 r--s 0000d000 ca:01 297599                     /root/.m2/repository/commons-logging/commons-logging/1.1.1/commons-logging-1.1.1.jar
7f031cf1c000-7f031cf59000 r--s 00294000 ca:01 295897                     /root/.m2/repository/org/springframework/spring/2.5.6/spring-2.5.6.jar
7f031cf59000-7f031cf5a000 r--s 00007000 ca:01 298238                     /root/.m2/repository/commons-fileupload/commons-fileupload/1.1.1/commons-fileupload-1.1.1.jar
7f031cf5a000-7f031cf61000 r--s 00053000 ca:01 298234                     /root/.m2/repository/log4j/log4j/1.2.14/log4j-1.2.14.jar
7f031cf61000-7f031cf63000 r--s 0000e000 ca:01 298235                     /root/.m2/repository/com/github/sgroschupf/zkclient/0.1/zkclient-0.1.jar
7f031cf63000-7f031cf72000 r--s 000b2000 ca:01 297550                     /root/.m2/repository/org/jboss/netty/netty/3.2.4.Final/netty-3.2.4.Final.jar
7f031cf72000-7f031cf73000 r--s 0000a000 ca:01 297863                     /root/.m2/repository/asm/asm/3.3.1/asm-3.3.1.jar
7f031cf73000-7f031cf7a000 r--s 0003e000 ca:01 298236                     /root/.m2/repository/cglib/cglib/2.2/cglib-2.2.jar
7f031cf7a000-7f031cf7c000 r--s 00014000 ca:01 424913                     /root/.m2/repository/org/apache/calcite/calcite-avatica/0.9.2-incubating/calcite-avatica-0.9.2-incubating.jar
7f031cf7c000-7f031cf7e000 r--s 00006000 ca:01 297756                     /root/.m2/repository/org/codehaus/janino/commons-compiler/2.7.6/commons-compiler-2.7.6.jar
7f031cf7e000-7f031cf87000 r--s 0008d000 ca:01 297754                     /root/.m2/repository/org/codehaus/janino/janino/2.7.6/janino-2.7.6.jar
7f031cf87000-7f031cf89000 r--s 00008000 ca:01 424924                     /root/.m2/repository/net/hydromatic/quidem/0.1.1/quidem-0.1.1.jar
7f031cf89000-7f031cf95000 r--s 0006c000 ca:01 424925                     /root/.m2/repository/net/hydromatic/linq4j/0.4/linq4j-0.4.jar
7f031cf95000-7f031cf97000 r--s 00003000 ca:01 424923                     /root/.m2/repository/eigenbase/eigenbase-properties/1.1.4/eigenbase-properties-1.1.4.jar
7f031cf97000-7f031cf9b000 r--s 0002f000 ca:01 424911                     /root/.m2/repository/com/fasterxml/jackson/core/jackson-core/2.1.1/jackson-core-2.1.1.jar
7f031cf9b000-7f031cf9d000 r--s 00007000 ca:01 424909                     /root/.m2/repository/com/fasterxml/jackson/core/jackson-annotations/2.1.1/jackson-annotations-2.1.1.jar
7f031cf9d000-7f031cfae000 r--s 000d1000 ca:01 424908                     /root/.m2/repository/com/fasterxml/jackson/core/jackson-databind/2.1.1/jackson-databind-2.1.1.jar
7f031cfae000-7f031cfe0000 r--s 002d1000 ca:01 424907                     /root/.m2/repository/org/apache/calcite/calcite-core/0.9.2-incubating/calcite-core-0.9.2-incubating.jar
7f031cfe0000-7f031d000000 r--s 00173000 ca:01 424906                     /root/.m2/repository/com/google/guava/guava/11.0.1/guava-11.0.1.jar
7f031d000000-7f031d8c0000 rwxp 00000000 00:00 0 
7f031d8c0000-7f032143d000 rw-p 00000000 00:00 0 
7f032143d000-7f0324000000 ---p 00000000 00:00 0 
7f0324000000-7f032400a000 r--s 00253000 ca:01 277032                     /usr/Java/jdk1.7.0_79/jre/lib/resources.jar
7f032400a000-7f032400c000 r--s 0000e000 ca:01 297941                     /root/.m2/repository/javax/activation/activation/1.1/activation-1.1.jar
7f032400c000-7f0324014000 r--s 00078000 ca:01 297939                     /root/.m2/repository/javax/mail/mail/1.4.7/mail-1.4.7.jar
7f0324014000-7f032401a000 r--s 00045000 ca:01 297938                     /root/.m2/repository/commons-httpclient/commons-httpclient/3.1/commons-httpclient-3.1.jar
7f032401a000-7f032401d000 r--s 00006000 ca:01 297935                     /root/.m2/repository/com/google/code/findbugs/jsr305/1.3.9/jsr305-1.3.9.jar
7f032401d000-7f0324035000 r--s 00110000 ca:01 295891                     /root/.m2/repository/io/netty/netty/3.7.0.Final/netty-3.7.0.Final.jar
7f0324035000-7f0324041000 r--s 000b6000 ca:01 295885                     /root/.m2/repository/org/apache/zookeeper/zookeeper/3.4.6/zookeeper-3.4.6.jar
7f0324041000-7f032404f000 r--s 0007f000 ca:01 295888                     /root/.m2/repository/commons-collections/commons-collections/3.2.1/commons-collections-3.2.1.jar
7f032404f000-7f0324051000 r--s 0000b000 ca:01 297885                     /root/.m2/repository/net/sf/jopt-simple/jopt-simple/3.2/jopt-simple-3.2.jar
7f0324051000-7f0324055000 r--s 0005b000 ca:01 297883                     /root/.m2/repository/quartz/quartz/1.5.2/quartz-1.5.2.jar
7f0324055000-7f0324058000 r--s 00013000 ca:01 297875                     /root/.m2/repository/commons-io/commons-io/1.3.2/commons-io-1.3.2.jar
7f0324058000-7f0324059000 r--s 00002000 ca:01 297873                     /root/.m2/repository/org/jboss/javaee/jboss-transaction-api/1.0.1.GA/jboss-transaction-api-1.0.1.GA.jar
7f0324059000-7f032405c000 r--s 0000a000 ca:01 297871                     /root/.m2/repository/org/hibernate/ejb3-persistence/1.0.2.GA/ejb3-persistence-1.0.2.GA.jar
7f032405c000-7f032407e000 r--s 00208000 ca:01 297869                     /root/.m2/repository/org/hibernate/hibernate-core/3.3.0.SP1/hibernate-core-3.3.0.SP1.jar
7f032407e000-7f0324081000 r--s 0000e000 ca:01 297867                     /root/.m2/repository/org/hibernate/hibernate-commons-annotations/3.1.0.GA/hibernate-commons-annotations-3.1.0.GA.jar
7f0324081000-7f0324086000 r--s 00040000 ca:01 297865                     /root/.m2/repository/org/hibernate/hibernate-annotations/3.4.0.GA/hibernate-annotations-3.4.0.GA.jar
7f0324086000-7f032408c000 r--s 00067000 ca:01 297862                     /root/.m2/repository/antlr/antlr/2.7.6/antlr-2.7.6.jar
7f032408c000-7f0324091000 r--s 00048000 ca:01 296114                     /root/.m2/repository/dom4j/dom4j/1.6.1/dom4j-1.6.1.jar
7f0324091000-7f0324093000 r--s 00003000 ca:01 295903                     /root/.m2/repository/asm/asm-attrs/1.5.3/asm-attrs-1.5.3.jar
7f0324093000-7f0324094000 r--s 00003000 ca:01 295901                     /root/.m2/repository/javax/transaction/jta/1.1/jta-1.1.jar
7f0324094000-7f0324098000 r--s 0002f000 ca:01 295899                     /root/.m2/repository/net/sf/ehcache/ehcache/1.2.3/ehcache-1.2.3.jar
7f0324098000-7f03240ba000 r--s 00215000 ca:01 295895                     /root/.m2/repository/org/hibernate/hibernate/3.2.7.ga/hibernate-3.2.7.ga.jar
7f03240ba000-7f03240bd000 r--s 00013000 ca:01 297858                     /root/.m2/repository/net/sf/ezmorph/ezmorph/1.0.6/ezmorph-1.0.6.jar
7f03240bd000-7f03240c3000 r--s 000ab000 ca:01 295896                     /root/.m2/repository/mysql/mysql-connector-java/5.1.10/mysql-connector-java-5.1.10.jar
7f03240c3000-7f03240c8000 r--s 00034000 ca:01 297854                     /root/.m2/repository/commons-beanutils/commons-beanutils/1.8.0/commons-beanutils-1.8.0.jar
7f03240c8000-7f03240c9000 r--s 00003000 ca:01 297849                     /root/.m2/repository/javax/transaction/transaction-api/1.1/transaction-api-1.1.jar
7f03240c9000-7f03240cf000 r--s 0002a000 ca:01 297852                     /root/.m2/repository/javax/jdo/jdo2-api/2.3-eb/jdo2-api-2.3-eb.jar
7f03240cf000-7f03240e7000 r--s 001b6000 ca:01 295887                     /root/.m2/repository/org/datanucleus/datanucleus-core/3.2.10/datanucleus-core-3.2.10.jar
7f03240e7000-7f03240ec000 r--s 0004e000 ca:01 295889                     /root/.m2/repository/org/datanucleus/datanucleus-api-jdo/3.2.6/datanucleus-api-jdo-3.2.6.jar
7f03240ec000-7f0324102000 r--s 001a4000 ca:01 295886                     /root/.m2/repository/org/datanucleus/datanucleus-rdbms/3.2.9/datanucleus-rdbms-3.2.9.jar
7f0324102000-7f0324108000 r--s 00032000 ca:01 297841                     /root/.m2/repository/org/apache/httpcomponents/httpcore/4.2.4/httpcore-4.2.4.jar
7f0324108000-7f0324111000 r--s 00061000 ca:01 297837                     /root/.m2/repository/org/apache/httpcomponents/httpclient/4.2.5/httpclient-4.2.5.jar
7f0324111000-7f0324116000 r--s 00033000 ca:01 297835                     /root/.m2/repository/org/apache/thrift/libthrift/0.9.2/libthrift-0.9.2.jar
7f0324116000-7f032411a000 r--s 00043000 ca:01 297838                     /root/.m2/repository/org/apache/hive/hive-common/1.2.0/hive-common-1.2.0.jar
7f032411a000-7f032411e000 r--s 00031000 ca:01 297761                     /root/.m2/repository/jline/jline/2.12/jline-2.12.jar
7f032411e000-7f0324120000 r--s 00005000 ca:01 297759                     /root/.m2/repository/stax/stax-api/1.0.1/stax-api-1.0.1.jar
7f0324120000-7f0324183000 r--s 005b2000 ca:01 297746                     /root/.m2/repository/org/codehaus/groovy/groovy-all/2.1.6/groovy-all-2.1.6.jar
7f0324183000-7f0324185000 r--s 0000f000 ca:01 297744                     /root/.m2/repository/org/apache/curator/curator-client/2.6.0/curator-client-2.6.0.jar
7f0324185000-7f032418b000 r--s 00028000 ca:01 297742                     /root/.m2/repository/org/apache/curator/curator-framework/2.6.0/curator-framework-2.6.0.jar
7f032418b000-7f03241a1000 r--s 00124000 ca:01 297739                     /root/.m2/repository/org/apache/ivy/ivy/2.4.0/ivy-2.4.0.jar
7f03241a1000-7f03241a2000 r--s 00004000 ca:01 297740                     /root/.m2/repository/org/apache/ant/ant-launcher/1.9.1/ant-launcher-1.9.1.jar
7f03241a2000-7f03241c0000 r--s 001ca000 ca:01 297736                     /root/.m2/repository/org/apache/ant/ant/1.9.1/ant-1.9.1.jar
7f03241c0000-7f03241c4000 r--s 00036000 ca:01 297734                     /root/.m2/repository/org/antlr/ST4/4.0.4/ST4-4.0.4.jar
7f03241c4000-7f03241cc000 r--s 00066000 ca:01 297732                     /root/.m2/repository/log4j/apache-log4j-extras/1.2.17/apache-log4j-extras-1.2.17.jar
7f03241cc000-7f03241cd000 r--s 0000b000 ca:01 297730                     /root/.m2/repository/org/apache/hive/hive-ant/1.2.0/hive-ant-1.2.0.jar
7f03241cd000-7f03241fe000 rw-p 00000000 00:00 0 
7f03241fe000-7f0324347000 r--s 01257000 ca:01 297729                     /root/.m2/repository/org/apache/hive/hive-exec/1.2.0/hive-exec-1.2.0.jar
7f0324347000-7f032434e000 r--s 00046000 ca:01 297726                     /root/.m2/repository/org/apache/thrift/libfb303/0.9.2/libfb303-0.9.2.jar
7f032434e000-7f0324351000 r--s 00022000 ca:01 297724                     /root/.m2/repository/org/antlr/stringtemplate/3.2.1/stringtemplate-3.2.1.jar
7f0324351000-7f0324355000 r--s 00025000 ca:01 297722                     /root/.m2/repository/org/antlr/antlr-runtime/3.4/antlr-runtime-3.4.jar
7f0324355000-7f032435b000 r--s 0002c000 ca:01 297720                     /root/.m2/repository/javax/jdo/jdo-api/3.0.1/jdo-api-3.0.1.jar
7f032435b000-7f0324385000 r--s 002cc000 ca:01 297718                     /root/.m2/repository/org/apache/derby/derby/10.11.1.1/derby-10.11.1.1.jar
7f0324385000-7f0324388000 r--s 00019000 ca:01 297716                     /root/.m2/repository/com/jolbox/bonecp/0.8.0.RELEASE/bonecp-0.8.0.RELEASE.jar
7f0324388000-7f032438b000 r--s 0001d000 ca:01 297706                     /root/.m2/repository/com/sun/jersey/jersey-client/1.9/jersey-client-1.9.jar
7f032438b000-7f032438e000 r--s 00018000 ca:01 297696                     /root/.m2/repository/org/apache/hive/shims/hive-shims-common/1.2.0/hive-shims-common-1.2.0.jar
7f032438e000-7f032438f000 r--s 00002000 ca:01 297694                     /root/.m2/repository/org/apache/hive/hive-shims/1.2.0/hive-shims-1.2.0.jar
7f032438f000-7f03243c3000 r--s 00277000 ca:01 297692                     /root/.m2/repository/com/twitter/parquet-hadoop-bundle/1.6.0/parquet-hadoop-bundle-1.6.0.jar
7f03243c3000-7f03243c4000 r--s 00004000 ca:01 297690                     /root/.m2/repository/net/sf/opencsv/opencsv/2.3/opencsv-2.3.jar
7f03243c4000-7f03243d7000 r--s 000cd000 ca:01 297688                     /root/.m2/repository/org/apache/hive/hive-serde/1.2.0/hive-serde-1.2.0.jar
7f03243d7000-7f0324439000 r--s 004de000 ca:01 297686                     /root/.m2/repository/org/apache/hive/hive-metastore/1.2.0/hive-metastore-1.2.0.jar
7f0324439000-7f032443b000 r--s 0000e000 ca:01 297684                     /root/.m2/repository/oro/oro/2.0.8/oro-2.0.8.jar
7f032443b000-7f0324443000 r--s 00058000 ca:01 297682                     /root/.m2/repository/org/apache/velocity/velocity/1.5/velocity-1.5.jar
7f0324443000-7f0324444000 r--s 00008000 ca:01 297680                     /root/.m2/repository/org/apache/hadoop/hadoop-mapreduce-client-jobclient/2.2.0/hadoop-mapreduce-client-jobclient-2.2.0.jar
7f0324444000-7f0324456000 r--s 0012c000 ca:01 297678                     /root/.m2/repository/org/apache/hadoop/hadoop-yarn-common/2.2.0/hadoop-yarn-common-2.2.0.jar
7f0324456000-7f032446e000 r--s 0014c000 ca:01 297676                     /root/.m2/repository/org/apache/hadoop/hadoop-mapreduce-client-core/2.2.0/hadoop-mapreduce-client-core-2.2.0.jar
7f032446e000-7f032447f000 r--s 0010a000 ca:01 297674                     /root/.m2/repository/org/apache/hadoop/hadoop-yarn-api/2.2.0/hadoop-yarn-api-2.2.0.jar
7f032447f000-7f0324481000 r--s 00004000 ca:01 297672                     /root/.m2/repository/org/apache/hadoop/hadoop-mapreduce-client-shuffle/2.2.0/hadoop-mapreduce-client-shuffle-2.2.0.jar
7f0324481000-7f0324485000 r--s 00027000 ca:01 297671                     /root/.m2/repository/org/apache/hadoop/hadoop-yarn-server-common/2.2.0/hadoop-yarn-server-common-2.2.0.jar
7f0324485000-7f0324486000 r--s 00000000 ca:01 297641                     /root/.m2/repository/javax/inject/javax.inject/1/javax.inject-1.jar
7f0324486000-7f0324487000 r--s 00003000 ca:01 297668                     /root/.m2/repository/com/sun/jersey/contribs/jersey-guice/1.9/jersey-guice-1.9.jar
7f0324487000-7f032448a000 r--s 00012000 ca:01 297667                     /root/.m2/repository/org/glassfish/javax.servlet/3.1/javax.servlet-3.1.jar
7f032448a000-7f0324492000 r--s 0004b000 ca:01 297664                     /root/.m2/repository/org/glassfish/grizzly/grizzly-http-servlet/2.1.2/grizzly-http-servlet-2.1.2.jar
7f0324492000-7f0324493000 r--s 00001000 ca:01 297662                     /root/.m2/repository/org/glassfish/grizzly/grizzly-rcm/2.1.2/grizzly-rcm-2.1.2.jar
7f0324493000-7f0324497000 r--s 0002d000 ca:01 297660                     /root/.m2/repository/org/glassfish/grizzly/grizzly-http-server/2.1.2/grizzly-http-server-2.1.2.jar
7f0324497000-7f0324499000 r--s 00009000 ca:01 297658                     /root/.m2/repository/org/glassfish/external/management-api/3.0.0-b012/management-api-3.0.0-b012.jar
7f0324499000-7f032449b000 r--s 00004000 ca:01 297656                     /root/.m2/repository/org/glassfish/gmbal/gmbal-api-only/3.0.0-b023/gmbal-api-only-3.0.0-b023.jar
7f032449b000-7f03244a9000 r--s 0009b000 ca:01 297654                     /root/.m2/repository/org/glassfish/grizzly/grizzly-framework/2.1.2/grizzly-framework-2.1.2.jar
7f03244a9000-7f03244ad000 r--s 0003a000 ca:01 297652                     /root/.m2/repository/org/glassfish/grizzly/grizzly-http/2.1.2/grizzly-http-2.1.2.jar
7f03244ad000-7f03244af000 r--s 00003000 ca:01 297650                     /root/.m2/repository/com/sun/jersey/jersey-grizzly2/1.9/jersey-grizzly2-1.9.jar
7f03244af000-7f03244b2000 r--s 00012000 ca:01 297648                     /root/.m2/repository/javax/servlet/javax.servlet-api/3.0.1/javax.servlet-api-3.0.1.jar
7f03244b2000-7f03244b4000 r--s 00005000 ca:01 297646                     /root/.m2/repository/com/sun/jersey/jersey-test-framework/jersey-test-framework-core/1.9/jersey-test-framework-core-1.9.jar
7f03244b4000-7f03244b6000 r--s 00002000 ca:01 297644                     /root/.m2/repository/com/sun/jersey/jersey-test-framework/jersey-test-framework-grizzly2/1.9/jersey-test-framework-grizzly2-1.9.jar
7f03244b6000-7f03244b9000 r--s 00015000 ca:01 297638                     /root/.m2/repository/org/apache/hadoop/hadoop-yarn-client/2.2.0/hadoop-yarn-client-2.2.0.jar
7f03244b9000-7f03244c5000 r--s 00095000 ca:01 297636                     /root/.m2/repository/org/apache/hadoop/hadoop-mapreduce-client-common/2.2.0/hadoop-mapreduce-client-common-2.2.0.jar
7f03244c5000-7f03244ce000 r--s 0006d000 ca:01 297634                     /root/.m2/repository/org/apache/hadoop/hadoop-mapreduce-client-app/2.2.0/hadoop-mapreduce-client-app-2.2.0.jar
7f03244ce000-7f0324513000 r--s 004bb000 ca:01 297632                     /root/.m2/repository/org/apache/hadoop/hadoop-hdfs/2.2.0/hadoop-hdfs-2.2.0.jar
7f0324513000-7f0324514000 r--s 00000000 ca:01 297630                     /root/.m2/repository/org/apache/hadoop/hadoop-client/2.2.0/hadoop-client-2.2.0.jar
7f0324514000-7f0324518000 r--s 00014000 ca:01 297628                     /root/.m2/repository/org/tukaani/xz/1.0/xz-1.0.jar
7f0324518000-7f032451d000 r--s 00036000 ca:01 297626                     /root/.m2/repository/org/apache/commons/commons-compress/1.4.1/commons-compress-1.4.1.jar
7f032451d000-7f0324520000 r--s 0002b000 ca:01 297624                     /root/.m2/repository/com/jcraft/jsch/0.1.42/jsch-0.1.42.jar
7f0324520000-7f0324522000 r--s 0000b000 ca:01 297622                     /root/.m2/repository/org/apache/hadoop/hadoop-auth/2.2.0/hadoop-auth-2.2.0.jar
7f0324522000-7f0324524000 r--s 000f2000 ca:01 297619                     /root/.m2/repository/org/xerial/snappy/snappy-java/1.0.4.1/snappy-java-1.0.4.1.jar
7f0324524000-7f0324526000 r--s 00006000 ca:01 297620                     /root/.m2/repository/com/thoughtworks/paranamer/paranamer/2.3/paranamer-2.3.jar
7f0324526000-7f032452d000 r--s 00044000 ca:01 297617                     /root/.m2/repository/org/apache/avro/avro/1.7.4/avro-1.7.4.jar
7f032452d000-7f032453a000 r--s 00097000 ca:01 297614                     /root/.m2/repository/org/codehaus/jackson/jackson-mapper-asl/1.8.8/jackson-mapper-asl-1.8.8.jar
7f032453a000-7f032453e000 r--s 00034000 ca:01 297612                     /root/.m2/repository/org/codehaus/jackson/jackson-core-asl/1.8.8/jackson-core-asl-1.8.8.jar
7f032453e000-7f0324542000 r--s 0002f000 ca:01 297609                     /root/.m2/repository/commons-beanutils/commons-beanutils-core/1.8.0/commons-beanutils-core-1.8.0.jar
7f0324542000-7f0324546000 r--s 00020000 ca:01 297606                     /root/.m2/repository/commons-digester/commons-digester/1.8/commons-digester-1.8.jar
7f0324546000-7f0324558000 r--s 0009d000 ca:01 297588                     /root/.m2/repository/com/sun/jersey/jersey-server/1.9/jersey-server-1.9.jar
7f0324558000-7f032456b000 r--s 000c7000 ca:01 297580                     /root/.m2/repository/com/sun/xml/bind/jaxb-impl/2.2.3-1/jaxb-impl-2.2.3-1.jar
7f032456b000-7f032457c000 r--s 000bb000 ca:01 297560                     /root/.m2/repository/org/apache/commons/commons-math/2.1/commons-math-2.1.jar
7f032457c000-7f032457e000 r--s 0000a000 ca:01 424922                     /root/.m2/repository/org/pentaho/pentaho-aggdesigner-algorithm/5.1.3-jhyde/pentaho-aggdesigner-algorithm-5.1.3-jhyde.jar
7f032457e000-7f0324584000 r--s 00043000 ca:01 297604                     /root/.m2/repository/commons-configuration/commons-configuration/1.6/commons-configuration-1.6.jar
7f0324584000-7f0324589000 r--s 0004a000 ca:01 297603                     /root/.m2/repository/net/java/dev/jets3t/jets3t/0.6.1/jets3t-0.6.1.jar
7f0324589000-7f032458a000 r--s 00007000 ca:01 297587                     /root/.m2/repository/org/codehaus/jackson/jackson-xc/1.8.3/jackson-xc-1.8.3.jar
7f032458a000-7f032458b000 r--s 00004000 ca:01 297584                     /root/.m2/repository/org/codehaus/jackson/jackson-jaxrs/1.8.3/jackson-jaxrs-1.8.3.jar
7f032458b000-7f032458f000 r--s 00021000 ca:01 297576                     /root/.m2/repository/com/sun/jersey/jersey-json/1.9/jersey-json-1.9.jar
7f032458f000-7f0324599000 r--s 00066000 ca:01 297574                     /root/.m2/repository/com/sun/jersey/jersey-core/1.9/jersey-core-1.9.jar
7f0324599000-7f032459d000 r--s 00028000 ca:01 297572                     /root/.m2/repository/org/mortbay/jetty/jetty-util/6.1.26/jetty-util-6.1.26.jar
7f032459d000-7f03245a4000 r--s 0007d000 ca:01 297571                     /root/.m2/repository/org/mortbay/jetty/jetty/6.1.26/jetty-6.1.26.jar
7f03245a4000-7f032460e000 r--s 00e23000 ca:01 289664                     /usr/Java/jdk1.7.0_79/lib/tools.jar
7f032460e000-7f0324639000 r--s 00271000 ca:01 297553                     /root/.m2/repository/org/apache/hadoop/hadoop-common/2.2.0/hadoop-common-2.2.0.jar
7f0324639000-7f032463a000 ---p 00000000 00:00 0 
7f032463a000-7f032473a000 rw-p 00000000 00:00 0 
7f032473a000-7f032473d000 ---p 00000000 00:00 0 
7f032473d000-7f032493b000 rw-p 00000000 00:00 0 
7f032493b000-7f032493e000 ---p 00000000 00:00 0 
7f032493e000-7f0324a3c000 rw-p 00000000 00:00 0 
7f0324a3c000-7f0324a3f000 ---p 00000000 00:00 0 
7f0324a3f000-7f0324b3d000 rw-p 00000000 00:00 0 
7f0324b3d000-7f0324b40000 ---p 00000000 00:00 0 
7f0324b40000-7f0324d3e000 rw-p 00000000 00:00 0 
7f0324d3e000-7f0324ec7000 r--p 00000000 ca:01 1185502                    /usr/lib/locale/locale-archive
7f0324ec7000-7f0324eca000 ---p 00000000 00:00 0 
7f0324eca000-7f03250c8000 rw-p 00000000 00:00 0 
7f03250c8000-7f03250cb000 ---p 00000000 00:00 0 
7f03250cb000-7f03252c9000 rw-p 00000000 00:00 0 
7f03252c9000-7f03252ca000 ---p 00000000 00:00 0 
7f03252ca000-7f0325415000 rw-p 00000000 00:00 0 
7f0325415000-7f03255d5000 r--s 039f7000 ca:01 288363                     /usr/Java/jdk1.7.0_79/jre/lib/rt.jar
7f03255d5000-7f03256ee000 rw-p 00000000 00:00 0 
7f03256ee000-7f03256fb000 rw-p 00000000 00:00 0 
7f03256fb000-7f032578c000 rw-p 00000000 00:00 0 
7f032578c000-7f03257a6000 rw-p 00000000 00:00 0 
7f03257a6000-7f03257b3000 rw-p 00000000 00:00 0 
7f03257b3000-7f03257cf000 rw-p 00000000 00:00 0 
7f03257cf000-7f03257d0000 rw-p 00000000 00:00 0 
7f03257d0000-7f03257ea000 r-xp 00000000 ca:01 276984                     /usr/Java/jdk1.7.0_79/jre/lib/amd64/libzip.so
7f03257ea000-7f03259ea000 ---p 0001a000 ca:01 276984                     /usr/Java/jdk1.7.0_79/jre/lib/amd64/libzip.so
7f03259ea000-7f03259eb000 rw-p 0001a000 ca:01 276984                     /usr/Java/jdk1.7.0_79/jre/lib/amd64/libzip.so
7f03259eb000-7f03259f7000 r-xp 00000000 ca:01 1048927                    /lib/x86_64-linux-gnu/libnss_files-2.15.so
7f03259f7000-7f0325bf6000 ---p 0000c000 ca:01 1048927                    /lib/x86_64-linux-gnu/libnss_files-2.15.so
7f0325bf6000-7f0325bf7000 r--p 0000b000 ca:01 1048927                    /lib/x86_64-linux-gnu/libnss_files-2.15.so
7f0325bf7000-7f0325bf8000 rw-p 0000c000 ca:01 1048927                    /lib/x86_64-linux-gnu/libnss_files-2.15.so
7f0325bf8000-7f0325c02000 r-xp 00000000 ca:01 1048925                    /lib/x86_64-linux-gnu/libnss_nis-2.15.so
7f0325c02000-7f0325e02000 ---p 0000a000 ca:01 1048925                    /lib/x86_64-linux-gnu/libnss_nis-2.15.so
7f0325e02000-7f0325e03000 r--p 0000a000 ca:01 1048925                    /lib/x86_64-linux-gnu/libnss_nis-2.15.so
7f0325e03000-7f0325e04000 rw-p 0000b000 ca:01 1048925                    /lib/x86_64-linux-gnu/libnss_nis-2.15.so
7f0325e04000-7f0325e1b000 r-xp 00000000 ca:01 1048617                    /lib/x86_64-linux-gnu/libnsl-2.15.so
7f0325e1b000-7f032601a000 ---p 00017000 ca:01 1048617                    /lib/x86_64-linux-gnu/libnsl-2.15.so
7f032601a000-7f032601b000 r--p 00016000 ca:01 1048617                    /lib/x86_64-linux-gnu/libnsl-2.15.so
7f032601b000-7f032601c000 rw-p 00017000 ca:01 1048617                    /lib/x86_64-linux-gnu/libnsl-2.15.so
7f032601c000-7f032601e000 rw-p 00000000 00:00 0 
7f032601e000-7f0326026000 r-xp 00000000 ca:01 1048929                    /lib/x86_64-linux-gnu/libnss_compat-2.15.so
7f0326026000-7f0326225000 ---p 00008000 ca:01 1048929                    /lib/x86_64-linux-gnu/libnss_compat-2.15.so
7f0326225000-7f0326226000 r--p 00007000 ca:01 1048929                    /lib/x86_64-linux-gnu/libnss_compat-2.15.so
7f0326226000-7f0326227000 rw-p 00008000 ca:01 1048929                    /lib/x86_64-linux-gnu/libnss_compat-2.15.so
7f0326227000-7f0326250000 r-xp 00000000 ca:01 276950                     /usr/Java/jdk1.7.0_79/jre/lib/amd64/libjava.so
7f0326250000-7f0326450000 ---p 00029000 ca:01 276950                     /usr/Java/jdk1.7.0_79/jre/lib/amd64/libjava.so
7f0326450000-7f0326452000 rw-p 00029000 ca:01 276950                     /usr/Java/jdk1.7.0_79/jre/lib/amd64/libjava.so
7f0326452000-7f032645f000 r-xp 00000000 ca:01 276977                     /usr/Java/jdk1.7.0_79/jre/lib/amd64/libverify.so
7f032645f000-7f032665e000 ---p 0000d000 ca:01 276977                     /usr/Java/jdk1.7.0_79/jre/lib/amd64/libverify.so
7f032665e000-7f0326660000 rw-p 0000c000 ca:01 276977                     /usr/Java/jdk1.7.0_79/jre/lib/amd64/libverify.so
7f0326660000-7f0326667000 r-xp 00000000 ca:01 1048632                    /lib/x86_64-linux-gnu/librt-2.15.so
7f0326667000-7f0326866000 ---p 00007000 ca:01 1048632                    /lib/x86_64-linux-gnu/librt-2.15.so
7f0326866000-7f0326867000 r--p 00006000 ca:01 1048632                    /lib/x86_64-linux-gnu/librt-2.15.so
7f0326867000-7f0326868000 rw-p 00007000 ca:01 1048632                    /lib/x86_64-linux-gnu/librt-2.15.so
7f0326868000-7f032686b000 ---p 00000000 00:00 0 
7f032686b000-7f0326a69000 rw-p 00000000 00:00 0 
7f0326a69000-7f0326b64000 r-xp 00000000 ca:01 1048923                    /lib/x86_64-linux-gnu/libm-2.15.so
7f0326b64000-7f0326d63000 ---p 000fb000 ca:01 1048923                    /lib/x86_64-linux-gnu/libm-2.15.so
7f0326d63000-7f0326d64000 r--p 000fa000 ca:01 1048923                    /lib/x86_64-linux-gnu/libm-2.15.so
7f0326d64000-7f0326d65000 rw-p 000fb000 ca:01 1048923                    /lib/x86_64-linux-gnu/libm-2.15.so
7f0326d65000-7f03278da000 r-xp 00000000 ca:01 277004                     /usr/Java/jdk1.7.0_79/jre/lib/amd64/server/libjvm.so
7f03278da000-7f0327ada000 ---p 00b75000 ca:01 277004                     /usr/Java/jdk1.7.0_79/jre/lib/amd64/server/libjvm.so
7f0327ada000-7f0327b9e000 rw-p 00b75000 ca:01 277004                     /usr/Java/jdk1.7.0_79/jre/lib/amd64/server/libjvm.so
7f0327b9e000-7f0327bdf000 rw-p 00000000 00:00 0 
7f0327bdf000-7f0327d94000 r-xp 00000000 ca:01 1048937                    /lib/x86_64-linux-gnu/libc-2.15.so
7f0327d94000-7f0327f93000 ---p 001b5000 ca:01 1048937                    /lib/x86_64-linux-gnu/libc-2.15.so
7f0327f93000-7f0327f97000 r--p 001b4000 ca:01 1048937                    /lib/x86_64-linux-gnu/libc-2.15.so
7f0327f97000-7f0327f99000 rw-p 001b8000 ca:01 1048937                    /lib/x86_64-linux-gnu/libc-2.15.so
7f0327f99000-7f0327f9e000 rw-p 00000000 00:00 0 
7f0327f9e000-7f0327fa0000 r-xp 00000000 ca:01 1048933                    /lib/x86_64-linux-gnu/libdl-2.15.so
7f0327fa0000-7f03281a0000 ---p 00002000 ca:01 1048933                    /lib/x86_64-linux-gnu/libdl-2.15.so
7f03281a0000-7f03281a1000 r--p 00002000 ca:01 1048933                    /lib/x86_64-linux-gnu/libdl-2.15.so
7f03281a1000-7f03281a2000 rw-p 00003000 ca:01 1048933                    /lib/x86_64-linux-gnu/libdl-2.15.so
7f03281a2000-7f03281b8000 r-xp 00000000 ca:01 276996                     /usr/Java/jdk1.7.0_79/jre/lib/amd64/jli/libjli.so
7f03281b8000-7f03283b8000 ---p 00016000 ca:01 276996                     /usr/Java/jdk1.7.0_79/jre/lib/amd64/jli/libjli.so
7f03283b8000-7f03283b9000 rw-p 00016000 ca:01 276996                     /usr/Java/jdk1.7.0_79/jre/lib/amd64/jli/libjli.so
7f03283b9000-7f03283d1000 r-xp 00000000 ca:01 1048628                    /lib/x86_64-linux-gnu/libpthread-2.15.so
7f03283d1000-7f03285d0000 ---p 00018000 ca:01 1048628                    /lib/x86_64-linux-gnu/libpthread-2.15.so
7f03285d0000-7f03285d1000 r--p 00017000 ca:01 1048628                    /lib/x86_64-linux-gnu/libpthread-2.15.so
7f03285d1000-7f03285d2000 rw-p 00018000 ca:01 1048628                    /lib/x86_64-linux-gnu/libpthread-2.15.so
7f03285d2000-7f03285d6000 rw-p 00000000 00:00 0 
7f03285d6000-7f03285f8000 r-xp 00000000 ca:01 1048630                    /lib/x86_64-linux-gnu/ld-2.15.so
7f03285f8000-7f03285fb000 r--s 00017000 ca:01 297582                     /root/.m2/repository/javax/xml/bind/jaxb-api/2.2.2/jaxb-api-2.2.2.jar
7f03285fb000-7f03285fd000 r--s 0000f000 ca:01 297578                     /root/.m2/repository/org/codehaus/jettison/jettison/1.1/jettison-1.1.jar
7f03285fd000-7f0328602000 r--s 0003e000 ca:01 297568                     /root/.m2/repository/commons-net/commons-net/3.1/commons-net-3.1.jar
7f0328602000-7f0328604000 r--s 0000d000 ca:01 297564                     /root/.m2/repository/commons-codec/commons-codec/1.4/commons-codec-1.4.jar
7f0328604000-7f0328605000 r--s 00003000 ca:01 297562                     /root/.m2/repository/xmlenc/xmlenc/0.52/xmlenc-0.52.jar
7f0328605000-7f0328607000 r--s 00009000 ca:01 297558                     /root/.m2/repository/commons-cli/commons-cli/1.2/commons-cli-1.2.jar
7f0328607000-7f0328609000 r--s 00003000 ca:01 297555                     /root/.m2/repository/org/apache/hadoop/hadoop-annotations/2.2.0/hadoop-annotations-2.2.0.jar
7f0328609000-7f0328611000 r--s 0007b000 ca:01 295866                     /root/.m2/repository/com/google/protobuf/protobuf-java/2.5.0/protobuf-java-2.5.0.jar
7f0328611000-7f0328614000 r--s 00015000 ca:01 297559                     /root/.m2/repository/commons-pool/commons-pool/1.5.4/commons-pool-1.5.4.jar
7f0328614000-7f0328617000 r--s 00025000 ca:01 297551                     /root/.m2/repository/commons-dbcp/commons-dbcp/1.4/commons-dbcp-1.4.jar
7f0328617000-7f0328621000 r--s 00075000 ca:01 406992                     /root/mzy/zeus2-master/schedule/target/zeus-schedule-2.0.0-SNAPSHOT.jar
7f0328621000-7f0328624000 r--s 0001e000 ca:01 295576                     /root/.m2/repository/net/sf/json-lib/json-lib/2.2/json-lib-2.2-jdk15.jar
7f0328624000-7f0328659000 rw-p 00000000 00:00 0 
7f0328659000-7f0328676000 rw-p 00000000 00:00 0 
7f0328676000-7f0328706000 rw-p 00000000 00:00 0 
7f0328706000-7f0328721000 rw-p 00000000 00:00 0 
7f0328721000-7f0328744000 rw-p 00000000 00:00 0 
7f0328744000-7f03287e1000 rw-p 00000000 00:00 0 
7f03287e1000-7f03287e9000 rw-s 00000000 ca:01 1066435                    /tmp/hsperfdata_root/1198
7f03287e9000-7f03287ed000 rw-p 00000000 00:00 0 
7f03287ed000-7f03287f2000 r--s 00041000 ca:01 294195                     /root/.m2/repository/commons-lang/commons-lang/2.6/commons-lang-2.6.jar
7f03287f2000-7f03287f4000 r--s 00007000 ca:01 406654                     /root/mzy/zeus2-master/client/target/zeus-client-2.0.1-SNAPSHOT.jar
7f03287f4000-7f03287f5000 rw-p 00000000 00:00 0 
7f03287f5000-7f03287f6000 ---p 00000000 00:00 0 
7f03287f6000-7f03287f8000 rw-p 00000000 00:00 0 
7f03287f8000-7f03287f9000 r--p 00022000 ca:01 1048630                    /lib/x86_64-linux-gnu/ld-2.15.so
7f03287f9000-7f03287fb000 rw-p 00023000 ca:01 1048630                    /lib/x86_64-linux-gnu/ld-2.15.so
7fff29fd4000-7fff29ff8000 rw-p 00000000 00:00 0                          [stack]
7fff29fff000-7fff2a000000 r-xp 00000000 00:00 0                          [vdso]
ffffffffff600000-ffffffffff601000 r-xp 00000000 00:00 0                  [vsyscall]

VM Arguments:
jvm_args: -Xmx512m -Xms64m -Xss2m 
java_command: com.google.gwt.dev.Compiler -XdisableUpdateCheck -logLevel INFO -style OBF -war /root/mzy/zeus2-master/web/target/exploded/zeus-web.war -localWorkers 1 -XfragmentCount -1 -extra /root/mzy/zeus2-master/web/target/extra -compileReport -gen /root/mzy/zeus2-master/web/target/.generated com.taobao.zeus.web.platform.Platform
Launcher Type: SUN_STANDARD

Environment Variables:
JAVA_HOME=/usr/Java/jdk1.7.0_79
CLASSPATH=/usr/Java/jdk1.7.0_79/lib/dt.jar:/usr/Java/jdk1.7.0_79/lib/tools.jar
PATH=/usr/local/sbin:/usr/local/bin:/usr/sbin:/usr/bin:/sbin:/bin:/usr/games:/alidata/server/mysql/bin:/alidata/server/httpd/bin:/alidata/server/php/sbin:/alidata/server/php/bin:/usr/Java/jdk1.7.0_79/bin:/usr/local/apache-maven-3.2.3/bin:/root/mzy/hadoop-2.6.0/bin:/root/mzy/apache-hive-1.2.0-bin/bin:/usr/local/protobuf/bin
SHELL=/bin/bash

Signal Handlers:
SIGSEGV: [libjvm.so+0x9a3bf0], sa_mask[0]=0x7ffbfeff, sa_flags=0x10000004
SIGBUS: [libjvm.so+0x9a3bf0], sa_mask[0]=0x7ffbfeff, sa_flags=0x10000004
SIGFPE: [libjvm.so+0x81cb60], sa_mask[0]=0x7ffbfeff, sa_flags=0x10000004
SIGPIPE: [libjvm.so+0x81cb60], sa_mask[0]=0x7ffbfeff, sa_flags=0x10000004
SIGXFSZ: [libjvm.so+0x81cb60], sa_mask[0]=0x7ffbfeff, sa_flags=0x10000004
SIGILL: [libjvm.so+0x81cb60], sa_mask[0]=0x7ffbfeff, sa_flags=0x10000004
SIGUSR1: SIG_DFL, sa_mask[0]=0x00000000, sa_flags=0x00000000
SIGUSR2: [libjvm.so+0x81e360], sa_mask[0]=0x00000004, sa_flags=0x10000004
SIGHUP: [libjvm.so+0x81f480], sa_mask[0]=0x7ffbfeff, sa_flags=0x10000004
SIGINT: [libjvm.so+0x81f480], sa_mask[0]=0x7ffbfeff, sa_flags=0x10000004
SIGTERM: [libjvm.so+0x81f480], sa_mask[0]=0x7ffbfeff, sa_flags=0x10000004
SIGQUIT: [libjvm.so+0x81f480], sa_mask[0]=0x7ffbfeff, sa_flags=0x10000004


---------------  S Y S T E M  ---------------

OS:wheezy/sid

uname:Linux 3.2.0-29-generic #46-Ubuntu SMP Fri Jul 27 17:03:23 UTC 2012 x86_64
libc:glibc 2.15 NPTL 2.15 
rlimit: STACK 8192k, CORE 0k, NPROC 15879, NOFILE 65535, AS infinity
load average:3.11 1.64 0.90

/proc/meminfo:
MemTotal:        2050160 kB
MemFree:           79620 kB
Buffers:            1140 kB
Cached:           130124 kB
SwapCached:            0 kB
Active:          1721108 kB
Inactive:         140572 kB
Active(anon):    1718980 kB
Inactive(anon):   131816 kB
Active(file):       2128 kB
Inactive(file):     8756 kB
Unevictable:           0 kB
Mlocked:               0 kB
SwapTotal:             0 kB
SwapFree:              0 kB
Dirty:              1004 kB
Writeback:             0 kB
AnonPages:       1730444 kB
Mapped:           122304 kB
Shmem:            120324 kB
Slab:              47672 kB
SReclaimable:      28868 kB
SUnreclaim:        18804 kB
KernelStack:        1784 kB
PageTables:        26688 kB
NFS_Unstable:          0 kB
Bounce:                0 kB
WritebackTmp:          0 kB
CommitLimit:     1025080 kB
Committed_AS:    2373656 kB
VmallocTotal:   34359738367 kB
VmallocUsed:       12480 kB
VmallocChunk:   34359723644 kB
HardwareCorrupted:     0 kB
AnonHugePages:         0 kB
HugePages_Total:       0
HugePages_Free:        0
HugePages_Rsvd:        0
HugePages_Surp:        0
Hugepagesize:       2048 kB
DirectMap4k:       55296 kB
DirectMap2M:     2041856 kB


CPU:total 1 (32 cores per cpu, 2 threads per core) family 6 model 45 stepping 7, cmov, cx8, fxsr, mmx, sse, sse2, sse3, ssse3, sse4.1, sse4.2, popcnt, aes, ht, tsc

/proc/cpuinfo:
processor	: 0
vendor_id	: GenuineIntel
cpu family	: 6
model		: 45
model name	: Intel(R) Xeon(R) CPU E5-2630 0 @ 2.30GHz
stepping	: 7
microcode	: 0x70d
cpu MHz		: 2300.032
cache size	: 15360 KB
physical id	: 0
siblings	: 1
core id		: 0
cpu cores	: 1
apicid		: 0
initial apicid	: 0
fpu		: yes
fpu_exception	: yes
cpuid level	: 13
wp		: yes
flags		: fpu vme de pse tsc msr pae mce cx8 apic sep mtrr pge mca cmov pat clflush mmx fxsr sse sse2 ht syscall nx rdtscp lm constant_tsc up rep_good nopl pni ssse3 cx16 sse4_1 sse4_2 popcnt aes hypervisor lahf_lm
bogomips	: 4600.06
clflush size	: 64
cache_alignment	: 64
address sizes	: 46 bits physical, 48 bits virtual
power management:



Memory: 4k page, physical 2050160k(79620k free), swap 0k(0k free)

vm_info: Java HotSpot(TM) 64-Bit Server VM (24.79-b02) for linux-amd64 JRE (1.7.0_79-b15), built on Apr 10 2015 11:34:48 by "java_re" with gcc 4.3.0 20080428 (Red Hat 4.3.0-8)

time: Tue Sep 22 10:38:52 2015
elapsed time: 102 seconds

